<?xml version="1.0" encoding="UTF-8"?>
<testsuite xmlns:xsi="http://www.w3.org/2001/XMLSchema-instance" xsi:noNamespaceSchemaLocation="https://maven.apache.org/surefire/maven-surefire-plugin/xsd/surefire-test-report-3.0.xsd" version="3.0" name="RpsGameTest" time="0.019" tests="1" errors="0" skipped="0" failures="0">
  <properties>
    <property name="java.specification.version" value="17"/>
    <property name="sun.jnu.encoding" value="UTF-8"/>
    <property name="java.class.path" value="/Users/anxhelangjeliu/Documents/MyDocs/IMC/AnxhelaNgjeliu_RockPaperScissors_Solution/RockPaperScissors/target/test-classes:/Users/anxhelangjeliu/Documents/MyDocs/IMC/AnxhelaNgjeliu_RockPaperScissors_Solution/RockPaperScissors/target/classes:/Users/anxhelangjeliu/.m2/repository/org/junit/jupiter/junit-jupiter/5.11.3/junit-jupiter-5.11.3.jar:/Users/anxhelangjeliu/.m2/repository/org/junit/jupiter/junit-jupiter-api/5.11.3/junit-jupiter-api-5.11.3.jar:/Users/anxhelangjeliu/.m2/repository/org/opentest4j/opentest4j/1.3.0/opentest4j-1.3.0.jar:/Users/anxhelangjeliu/.m2/repository/org/junit/platform/junit-platform-commons/1.11.3/junit-platform-commons-1.11.3.jar:/Users/anxhelangjeliu/.m2/repository/org/apiguardian/apiguardian-api/1.1.2/apiguardian-api-1.1.2.jar:/Users/anxhelangjeliu/.m2/repository/org/junit/jupiter/junit-jupiter-params/5.11.3/junit-jupiter-params-5.11.3.jar:/Users/anxhelangjeliu/.m2/repository/org/junit/jupiter/junit-jupiter-engine/5.11.3/junit-jupiter-engine-5.11.3.jar:/Users/anxhelangjeliu/.m2/repository/org/junit/platform/junit-platform-engine/1.11.3/junit-platform-engine-1.11.3.jar:/Users/anxhelangjeliu/.m2/repository/org/mockito/mockito-core/5.5.0/mockito-core-5.5.0.jar:/Users/anxhelangjeliu/.m2/repository/net/bytebuddy/byte-buddy/1.14.6/byte-buddy-1.14.6.jar:/Users/anxhelangjeliu/.m2/repository/net/bytebuddy/byte-buddy-agent/1.14.6/byte-buddy-agent-1.14.6.jar:/Users/anxhelangjeliu/.m2/repository/org/objenesis/objenesis/3.3/objenesis-3.3.jar:/Users/anxhelangjeliu/.m2/repository/org/mockito/mockito-junit-jupiter/5.5.0/mockito-junit-jupiter-5.5.0.jar:"/>
    <property name="java.vm.vendor" value="Eclipse Adoptium"/>
    <property name="sun.arch.data.model" value="64"/>
    <property name="java.vendor.url" value="https://adoptium.net/"/>
    <property name="user.timezone" value="Europe/Istanbul"/>
    <property name="os.name" value="Mac OS X"/>
    <property name="java.vm.specification.version" value="17"/>
    <property name="sun.java.launcher" value="SUN_STANDARD"/>
    <property name="user.country" value="TR"/>
    <property name="sun.boot.library.path" value="/Library/Java/JavaVirtualMachines/temurin-17.jdk/Contents/Home/lib"/>
    <property name="sun.java.command" value="/Users/anxhelangjeliu/Documents/MyDocs/IMC/AnxhelaNgjeliu_RockPaperScissors_Solution/RockPaperScissors/target/surefire/surefirebooter-20241203221225318_3.jar /Users/anxhelangjeliu/Documents/MyDocs/IMC/AnxhelaNgjeliu_RockPaperScissors_Solution/RockPaperScissors/target/surefire 2024-12-03T22-12-25_270-jvmRun1 surefire-20241203221225318_1tmp surefire_0-20241203221225318_2tmp"/>
    <property name="http.nonProxyHosts" value="local|*.local|169.254/16|*.169.254/16"/>
    <property name="jdk.debug" value="release"/>
    <property name="surefire.test.class.path" value="/Users/anxhelangjeliu/Documents/MyDocs/IMC/AnxhelaNgjeliu_RockPaperScissors_Solution/RockPaperScissors/target/test-classes:/Users/anxhelangjeliu/Documents/MyDocs/IMC/AnxhelaNgjeliu_RockPaperScissors_Solution/RockPaperScissors/target/classes:/Users/anxhelangjeliu/.m2/repository/org/junit/jupiter/junit-jupiter/5.11.3/junit-jupiter-5.11.3.jar:/Users/anxhelangjeliu/.m2/repository/org/junit/jupiter/junit-jupiter-api/5.11.3/junit-jupiter-api-5.11.3.jar:/Users/anxhelangjeliu/.m2/repository/org/opentest4j/opentest4j/1.3.0/opentest4j-1.3.0.jar:/Users/anxhelangjeliu/.m2/repository/org/junit/platform/junit-platform-commons/1.11.3/junit-platform-commons-1.11.3.jar:/Users/anxhelangjeliu/.m2/repository/org/apiguardian/apiguardian-api/1.1.2/apiguardian-api-1.1.2.jar:/Users/anxhelangjeliu/.m2/repository/org/junit/jupiter/junit-jupiter-params/5.11.3/junit-jupiter-params-5.11.3.jar:/Users/anxhelangjeliu/.m2/repository/org/junit/jupiter/junit-jupiter-engine/5.11.3/junit-jupiter-engine-5.11.3.jar:/Users/anxhelangjeliu/.m2/repository/org/junit/platform/junit-platform-engine/1.11.3/junit-platform-engine-1.11.3.jar:/Users/anxhelangjeliu/.m2/repository/org/mockito/mockito-core/5.5.0/mockito-core-5.5.0.jar:/Users/anxhelangjeliu/.m2/repository/net/bytebuddy/byte-buddy/1.14.6/byte-buddy-1.14.6.jar:/Users/anxhelangjeliu/.m2/repository/net/bytebuddy/byte-buddy-agent/1.14.6/byte-buddy-agent-1.14.6.jar:/Users/anxhelangjeliu/.m2/repository/org/objenesis/objenesis/3.3/objenesis-3.3.jar:/Users/anxhelangjeliu/.m2/repository/org/mockito/mockito-junit-jupiter/5.5.0/mockito-junit-jupiter-5.5.0.jar:"/>
    <property name="sun.cpu.endian" value="little"/>
    <property name="user.home" value="/Users/anxhelangjeliu"/>
    <property name="user.language" value="en"/>
    <property name="java.specification.vendor" value="Oracle Corporation"/>
    <property name="java.version.date" value="2024-07-16"/>
    <property name="java.home" value="/Library/Java/JavaVirtualMachines/temurin-17.jdk/Contents/Home"/>
    <property name="file.separator" value="/"/>
    <property name="basedir" value="/Users/anxhelangjeliu/Documents/MyDocs/IMC/AnxhelaNgjeliu_RockPaperScissors_Solution/RockPaperScissors"/>
    <property name="java.vm.compressedOopsMode" value="Zero based"/>
    <property name="line.separator" value="&#10;"/>
    <property name="java.specification.name" value="Java Platform API Specification"/>
    <property name="java.vm.specification.vendor" value="Oracle Corporation"/>
    <property name="surefire.real.class.path" value="/Users/anxhelangjeliu/Documents/MyDocs/IMC/AnxhelaNgjeliu_RockPaperScissors_Solution/RockPaperScissors/target/surefire/surefirebooter-20241203221225318_3.jar"/>
    <property name="sun.management.compiler" value="HotSpot 64-Bit Tiered Compilers"/>
    <property name="ftp.nonProxyHosts" value="local|*.local|169.254/16|*.169.254/16"/>
    <property name="java.runtime.version" value="17.0.12+7"/>
    <property name="user.name" value="anxhelangjeliu"/>
    <property name="path.separator" value=":"/>
    <property name="os.version" value="15.1.1"/>
    <property name="java.runtime.name" value="OpenJDK Runtime Environment"/>
    <property name="file.encoding" value="UTF-8"/>
    <property name="java.vm.name" value="OpenJDK 64-Bit Server VM"/>
    <property name="java.vendor.version" value="Temurin-17.0.12+7"/>
    <property name="localRepository" value="/Users/anxhelangjeliu/.m2/repository"/>
    <property name="java.vendor.url.bug" value="https://github.com/adoptium/adoptium-support/issues"/>
    <property name="java.io.tmpdir" value="/var/folders/sq/8wlf7dzn47q945sqt4nz6_dw0000gn/T/"/>
    <property name="java.version" value="17.0.12"/>
    <property name="user.dir" value="/Users/anxhelangjeliu/Documents/MyDocs/IMC/AnxhelaNgjeliu_RockPaperScissors_Solution/RockPaperScissors"/>
    <property name="os.arch" value="aarch64"/>
    <property name="java.vm.specification.name" value="Java Virtual Machine Specification"/>
    <property name="native.encoding" value="UTF-8"/>
    <property name="java.library.path" value="/Users/anxhelangjeliu/Library/Java/Extensions:/Library/Java/Extensions:/Network/Library/Java/Extensions:/System/Library/Java/Extensions:/usr/lib/java:."/>
    <property name="java.vm.info" value="mixed mode"/>
    <property name="java.vendor" value="Eclipse Adoptium"/>
    <property name="java.vm.version" value="17.0.12+7"/>
    <property name="sun.io.unicode.encoding" value="UnicodeBig"/>
    <property name="socksNonProxyHosts" value="local|*.local|169.254/16|*.169.254/16"/>
    <property name="java.class.version" value="61.0"/>
  </properties>
  <testcase name="testGameInitialization" classname="RpsGameTest" time="0.018"/>
</testsuite>